INFO:root:Start SimCLR training for 200 epochs.
INFO:root:Training with gpu: False.
DEBUG:root:Epoch: 0	Loss: 6.634754180908203	Top1 accuracy: 0.78125
DEBUG:root:Epoch: 1	Loss: 5.963813781738281	Top1 accuracy: 0.78125
DEBUG:root:Epoch: 2	Loss: 5.684833526611328	Top1 accuracy: 0.390625
DEBUG:root:Epoch: 3	Loss: 5.599506378173828	Top1 accuracy: 3.515625
DEBUG:root:Epoch: 4	Loss: 5.4863128662109375	Top1 accuracy: 5.2734375
DEBUG:root:Epoch: 5	Loss: 5.316127777099609	Top1 accuracy: 7.2265625
DEBUG:root:Epoch: 6	Loss: 5.020387649536133	Top1 accuracy: 9.9609375
DEBUG:root:Epoch: 7	Loss: 4.7265625	Top1 accuracy: 15.0390625
DEBUG:root:Epoch: 8	Loss: 4.88820743560791	Top1 accuracy: 12.890625
DEBUG:root:Epoch: 9	Loss: 4.654149055480957	Top1 accuracy: 18.9453125
DEBUG:root:Epoch: 10	Loss: 4.508615493774414	Top1 accuracy: 18.359375
DEBUG:root:Epoch: 11	Loss: 4.48905086517334	Top1 accuracy: 22.8515625
DEBUG:root:Epoch: 12	Loss: 4.356860160827637	Top1 accuracy: 22.65625
DEBUG:root:Epoch: 13	Loss: 3.909233570098877	Top1 accuracy: 23.6328125
DEBUG:root:Epoch: 14	Loss: 4.235345840454102	Top1 accuracy: 26.5625
DEBUG:root:Epoch: 15	Loss: 4.200220584869385	Top1 accuracy: 25.78125
DEBUG:root:Epoch: 16	Loss: 3.950796365737915	Top1 accuracy: 26.5625
DEBUG:root:Epoch: 17	Loss: 3.949699640274048	Top1 accuracy: 22.0703125
DEBUG:root:Epoch: 18	Loss: 4.016567707061768	Top1 accuracy: 29.8828125
DEBUG:root:Epoch: 19	Loss: 4.005712985992432	Top1 accuracy: 31.0546875
DEBUG:root:Epoch: 20	Loss: 3.620511770248413	Top1 accuracy: 32.421875
DEBUG:root:Epoch: 21	Loss: 3.6838507652282715	Top1 accuracy: 26.171875
DEBUG:root:Epoch: 22	Loss: 3.8656952381134033	Top1 accuracy: 29.6875
DEBUG:root:Epoch: 23	Loss: 3.7874348163604736	Top1 accuracy: 32.2265625
DEBUG:root:Epoch: 24	Loss: 3.5185205936431885	Top1 accuracy: 33.984375
DEBUG:root:Epoch: 25	Loss: 3.609309673309326	Top1 accuracy: 34.375
DEBUG:root:Epoch: 26	Loss: 3.438004732131958	Top1 accuracy: 34.1796875
DEBUG:root:Epoch: 27	Loss: 3.5531094074249268	Top1 accuracy: 38.0859375
DEBUG:root:Epoch: 28	Loss: 3.3996105194091797	Top1 accuracy: 37.6953125
DEBUG:root:Epoch: 29	Loss: 3.559654474258423	Top1 accuracy: 41.9921875
DEBUG:root:Epoch: 30	Loss: 3.242666244506836	Top1 accuracy: 38.0859375
DEBUG:root:Epoch: 31	Loss: 3.260157585144043	Top1 accuracy: 35.15625
DEBUG:root:Epoch: 32	Loss: 3.2313990592956543	Top1 accuracy: 41.6015625
DEBUG:root:Epoch: 33	Loss: 3.0667331218719482	Top1 accuracy: 42.3828125
DEBUG:root:Epoch: 34	Loss: 3.1493523120880127	Top1 accuracy: 33.0078125
DEBUG:root:Epoch: 35	Loss: 3.2261812686920166	Top1 accuracy: 41.6015625
DEBUG:root:Epoch: 36	Loss: 3.1984505653381348	Top1 accuracy: 36.328125
DEBUG:root:Epoch: 37	Loss: 3.296607494354248	Top1 accuracy: 40.625
DEBUG:root:Epoch: 38	Loss: 3.305055618286133	Top1 accuracy: 41.015625
DEBUG:root:Epoch: 39	Loss: 3.353471040725708	Top1 accuracy: 39.0625
DEBUG:root:Epoch: 40	Loss: 2.7396187782287598	Top1 accuracy: 39.0625
DEBUG:root:Epoch: 41	Loss: 2.967557907104492	Top1 accuracy: 50.5859375
DEBUG:root:Epoch: 42	Loss: 3.077849864959717	Top1 accuracy: 45.8984375
DEBUG:root:Epoch: 43	Loss: 3.262362003326416	Top1 accuracy: 47.8515625
DEBUG:root:Epoch: 44	Loss: 3.042271614074707	Top1 accuracy: 46.484375
DEBUG:root:Epoch: 45	Loss: 2.626676082611084	Top1 accuracy: 46.09375
DEBUG:root:Epoch: 46	Loss: 3.0977518558502197	Top1 accuracy: 43.359375
DEBUG:root:Epoch: 47	Loss: 3.185986280441284	Top1 accuracy: 41.796875
DEBUG:root:Epoch: 48	Loss: 2.770763397216797	Top1 accuracy: 49.21875
DEBUG:root:Epoch: 49	Loss: 2.9189746379852295	Top1 accuracy: 43.359375
DEBUG:root:Epoch: 50	Loss: 3.0543103218078613	Top1 accuracy: 47.8515625
DEBUG:root:Epoch: 51	Loss: 3.1032419204711914	Top1 accuracy: 46.2890625
DEBUG:root:Epoch: 52	Loss: 2.9176602363586426	Top1 accuracy: 48.046875
DEBUG:root:Epoch: 53	Loss: 2.577324867248535	Top1 accuracy: 50.0
DEBUG:root:Epoch: 54	Loss: 2.9204843044281006	Top1 accuracy: 42.3828125
DEBUG:root:Epoch: 55	Loss: 3.138080596923828	Top1 accuracy: 49.0234375
DEBUG:root:Epoch: 56	Loss: 2.642059803009033	Top1 accuracy: 49.0234375
DEBUG:root:Epoch: 57	Loss: 2.6919960975646973	Top1 accuracy: 47.265625
DEBUG:root:Epoch: 58	Loss: 2.890263319015503	Top1 accuracy: 44.140625
DEBUG:root:Epoch: 59	Loss: 2.6281888484954834	Top1 accuracy: 46.2890625
DEBUG:root:Epoch: 60	Loss: 3.120640516281128	Top1 accuracy: 51.953125
DEBUG:root:Epoch: 61	Loss: 2.743098735809326	Top1 accuracy: 47.265625
DEBUG:root:Epoch: 62	Loss: 2.4912734031677246	Top1 accuracy: 49.21875
DEBUG:root:Epoch: 63	Loss: 2.5666139125823975	Top1 accuracy: 49.0234375
DEBUG:root:Epoch: 64	Loss: 2.646050453186035	Top1 accuracy: 46.484375
DEBUG:root:Epoch: 65	Loss: 2.8523898124694824	Top1 accuracy: 47.0703125
DEBUG:root:Epoch: 66	Loss: 2.418091058731079	Top1 accuracy: 47.4609375
DEBUG:root:Epoch: 67	Loss: 2.8069019317626953	Top1 accuracy: 44.921875
DEBUG:root:Epoch: 68	Loss: 2.80979323387146	Top1 accuracy: 49.4140625
DEBUG:root:Epoch: 69	Loss: 2.832458257675171	Top1 accuracy: 49.21875
DEBUG:root:Epoch: 70	Loss: 2.5416197776794434	Top1 accuracy: 50.1953125
DEBUG:root:Epoch: 71	Loss: 2.8009493350982666	Top1 accuracy: 54.6875
DEBUG:root:Epoch: 72	Loss: 2.563671350479126	Top1 accuracy: 54.296875
DEBUG:root:Epoch: 73	Loss: 2.4803781509399414	Top1 accuracy: 50.5859375
DEBUG:root:Epoch: 74	Loss: 2.9112157821655273	Top1 accuracy: 55.2734375
DEBUG:root:Epoch: 75	Loss: 2.5979115962982178	Top1 accuracy: 47.8515625
DEBUG:root:Epoch: 76	Loss: 2.5244405269622803	Top1 accuracy: 52.34375
DEBUG:root:Epoch: 77	Loss: 2.615457534790039	Top1 accuracy: 52.9296875
DEBUG:root:Epoch: 78	Loss: 2.6838672161102295	Top1 accuracy: 52.1484375
DEBUG:root:Epoch: 79	Loss: 2.369591236114502	Top1 accuracy: 53.7109375
DEBUG:root:Epoch: 80	Loss: 2.5326945781707764	Top1 accuracy: 50.1953125
DEBUG:root:Epoch: 81	Loss: 2.5269551277160645	Top1 accuracy: 54.8828125
DEBUG:root:Epoch: 82	Loss: 2.5451197624206543	Top1 accuracy: 47.0703125
DEBUG:root:Epoch: 83	Loss: 2.378882646560669	Top1 accuracy: 51.5625
DEBUG:root:Epoch: 84	Loss: 2.6233556270599365	Top1 accuracy: 46.875
DEBUG:root:Epoch: 85	Loss: 2.2651429176330566	Top1 accuracy: 51.3671875
DEBUG:root:Epoch: 86	Loss: 2.328134298324585	Top1 accuracy: 53.7109375
DEBUG:root:Epoch: 87	Loss: 2.1662473678588867	Top1 accuracy: 55.6640625
DEBUG:root:Epoch: 88	Loss: 2.267434597015381	Top1 accuracy: 58.203125
DEBUG:root:Epoch: 89	Loss: 2.6293177604675293	Top1 accuracy: 55.078125
DEBUG:root:Epoch: 90	Loss: 2.4592337608337402	Top1 accuracy: 50.5859375
DEBUG:root:Epoch: 91	Loss: 2.3191583156585693	Top1 accuracy: 51.7578125
DEBUG:root:Epoch: 92	Loss: 2.7452263832092285	Top1 accuracy: 48.4375
DEBUG:root:Epoch: 93	Loss: 2.432229518890381	Top1 accuracy: 55.2734375
DEBUG:root:Epoch: 94	Loss: 2.2447361946105957	Top1 accuracy: 54.6875
DEBUG:root:Epoch: 95	Loss: 2.4190001487731934	Top1 accuracy: 52.9296875
DEBUG:root:Epoch: 96	Loss: 2.5335068702697754	Top1 accuracy: 55.2734375
DEBUG:root:Epoch: 97	Loss: 2.2716846466064453	Top1 accuracy: 48.6328125
DEBUG:root:Epoch: 98	Loss: 2.135350465774536	Top1 accuracy: 55.859375
DEBUG:root:Epoch: 99	Loss: 2.13997220993042	Top1 accuracy: 53.515625
DEBUG:root:Epoch: 100	Loss: 2.283780813217163	Top1 accuracy: 50.78125
DEBUG:root:Epoch: 101	Loss: 2.4734349250793457	Top1 accuracy: 57.6171875
DEBUG:root:Epoch: 102	Loss: 2.2124369144439697	Top1 accuracy: 56.25
DEBUG:root:Epoch: 103	Loss: 2.312194585800171	Top1 accuracy: 56.640625
DEBUG:root:Epoch: 104	Loss: 2.3078131675720215	Top1 accuracy: 54.8828125
DEBUG:root:Epoch: 105	Loss: 2.275576114654541	Top1 accuracy: 53.90625
DEBUG:root:Epoch: 106	Loss: 2.356943368911743	Top1 accuracy: 53.3203125
DEBUG:root:Epoch: 107	Loss: 2.0634727478027344	Top1 accuracy: 59.765625
DEBUG:root:Epoch: 108	Loss: 2.3615307807922363	Top1 accuracy: 54.4921875
DEBUG:root:Epoch: 109	Loss: 2.204556465148926	Top1 accuracy: 51.5625
DEBUG:root:Epoch: 110	Loss: 2.246997356414795	Top1 accuracy: 50.78125
DEBUG:root:Epoch: 111	Loss: 2.2223591804504395	Top1 accuracy: 52.9296875
DEBUG:root:Epoch: 112	Loss: 2.181379795074463	Top1 accuracy: 53.90625
DEBUG:root:Epoch: 113	Loss: 2.2911384105682373	Top1 accuracy: 55.2734375
DEBUG:root:Epoch: 114	Loss: 2.28621506690979	Top1 accuracy: 52.9296875
DEBUG:root:Epoch: 115	Loss: 2.281463146209717	Top1 accuracy: 53.3203125
DEBUG:root:Epoch: 116	Loss: 2.2620198726654053	Top1 accuracy: 57.6171875
DEBUG:root:Epoch: 117	Loss: 2.2350013256073	Top1 accuracy: 55.859375
DEBUG:root:Epoch: 118	Loss: 1.8816851377487183	Top1 accuracy: 61.5234375
DEBUG:root:Epoch: 119	Loss: 2.1796913146972656	Top1 accuracy: 58.59375
DEBUG:root:Epoch: 120	Loss: 2.005990505218506	Top1 accuracy: 58.59375
DEBUG:root:Epoch: 121	Loss: 2.1315245628356934	Top1 accuracy: 50.78125
DEBUG:root:Epoch: 122	Loss: 2.4346158504486084	Top1 accuracy: 60.15625
DEBUG:root:Epoch: 123	Loss: 2.148576259613037	Top1 accuracy: 59.765625
DEBUG:root:Epoch: 124	Loss: 2.3813772201538086	Top1 accuracy: 61.71875
DEBUG:root:Epoch: 125	Loss: 2.054203510284424	Top1 accuracy: 59.765625
DEBUG:root:Epoch: 126	Loss: 2.4103169441223145	Top1 accuracy: 62.890625
DEBUG:root:Epoch: 127	Loss: 2.021725654602051	Top1 accuracy: 64.2578125
DEBUG:root:Epoch: 128	Loss: 2.2605252265930176	Top1 accuracy: 57.2265625
DEBUG:root:Epoch: 129	Loss: 1.843845009803772	Top1 accuracy: 58.0078125
DEBUG:root:Epoch: 130	Loss: 2.1822543144226074	Top1 accuracy: 53.90625
DEBUG:root:Epoch: 131	Loss: 1.9936387538909912	Top1 accuracy: 53.7109375
DEBUG:root:Epoch: 132	Loss: 2.1905312538146973	Top1 accuracy: 60.546875
DEBUG:root:Epoch: 133	Loss: 2.1223316192626953	Top1 accuracy: 60.3515625
DEBUG:root:Epoch: 134	Loss: 2.0444529056549072	Top1 accuracy: 55.078125
DEBUG:root:Epoch: 135	Loss: 2.154562473297119	Top1 accuracy: 58.0078125
DEBUG:root:Epoch: 136	Loss: 2.2133591175079346	Top1 accuracy: 62.5
DEBUG:root:Epoch: 137	Loss: 1.9810070991516113	Top1 accuracy: 58.984375
DEBUG:root:Epoch: 138	Loss: 1.9504225254058838	Top1 accuracy: 57.2265625
DEBUG:root:Epoch: 139	Loss: 2.1937191486358643	Top1 accuracy: 61.5234375
DEBUG:root:Epoch: 140	Loss: 1.8876831531524658	Top1 accuracy: 60.546875
DEBUG:root:Epoch: 141	Loss: 2.075120449066162	Top1 accuracy: 57.03125
DEBUG:root:Epoch: 142	Loss: 1.9945248365402222	Top1 accuracy: 60.9375
DEBUG:root:Epoch: 143	Loss: 2.2210912704467773	Top1 accuracy: 54.4921875
DEBUG:root:Epoch: 144	Loss: 1.935006856918335	Top1 accuracy: 56.4453125
DEBUG:root:Epoch: 145	Loss: 2.107067823410034	Top1 accuracy: 58.203125
DEBUG:root:Epoch: 146	Loss: 2.035698890686035	Top1 accuracy: 58.7890625
DEBUG:root:Epoch: 147	Loss: 2.2396254539489746	Top1 accuracy: 57.2265625
DEBUG:root:Epoch: 148	Loss: 2.075995922088623	Top1 accuracy: 55.46875
DEBUG:root:Epoch: 149	Loss: 1.8577600717544556	Top1 accuracy: 59.5703125
DEBUG:root:Epoch: 150	Loss: 2.134883165359497	Top1 accuracy: 58.3984375
DEBUG:root:Epoch: 151	Loss: 1.9082366228103638	Top1 accuracy: 55.078125
DEBUG:root:Epoch: 152	Loss: 1.9825682640075684	Top1 accuracy: 61.328125
DEBUG:root:Epoch: 153	Loss: 2.0198445320129395	Top1 accuracy: 60.15625
DEBUG:root:Epoch: 154	Loss: 1.9073328971862793	Top1 accuracy: 61.71875
DEBUG:root:Epoch: 155	Loss: 1.8662967681884766	Top1 accuracy: 60.3515625
DEBUG:root:Epoch: 156	Loss: 1.8997478485107422	Top1 accuracy: 56.4453125
DEBUG:root:Epoch: 157	Loss: 1.9136089086532593	Top1 accuracy: 63.0859375
DEBUG:root:Epoch: 158	Loss: 2.1818723678588867	Top1 accuracy: 56.4453125
DEBUG:root:Epoch: 159	Loss: 1.8446459770202637	Top1 accuracy: 62.890625
DEBUG:root:Epoch: 160	Loss: 1.981431484222412	Top1 accuracy: 59.765625
DEBUG:root:Epoch: 161	Loss: 1.9648323059082031	Top1 accuracy: 63.28125
DEBUG:root:Epoch: 162	Loss: 1.9178680181503296	Top1 accuracy: 61.5234375
DEBUG:root:Epoch: 163	Loss: 1.930690884590149	Top1 accuracy: 62.890625
DEBUG:root:Epoch: 164	Loss: 2.252326488494873	Top1 accuracy: 58.0078125
DEBUG:root:Epoch: 165	Loss: 2.0151844024658203	Top1 accuracy: 59.5703125
DEBUG:root:Epoch: 166	Loss: 2.070125102996826	Top1 accuracy: 63.0859375
DEBUG:root:Epoch: 167	Loss: 1.9974948167800903	Top1 accuracy: 60.9375
DEBUG:root:Epoch: 168	Loss: 2.0276665687561035	Top1 accuracy: 58.203125
DEBUG:root:Epoch: 169	Loss: 2.276496410369873	Top1 accuracy: 59.5703125
DEBUG:root:Epoch: 170	Loss: 1.9230539798736572	Top1 accuracy: 61.5234375
DEBUG:root:Epoch: 171	Loss: 2.2073655128479004	Top1 accuracy: 62.109375
DEBUG:root:Epoch: 172	Loss: 1.8539179563522339	Top1 accuracy: 58.984375
DEBUG:root:Epoch: 173	Loss: 2.076402187347412	Top1 accuracy: 55.859375
DEBUG:root:Epoch: 174	Loss: 2.0471017360687256	Top1 accuracy: 60.3515625
DEBUG:root:Epoch: 175	Loss: 1.9306786060333252	Top1 accuracy: 61.1328125
DEBUG:root:Epoch: 176	Loss: 2.161482095718384	Top1 accuracy: 61.71875
DEBUG:root:Epoch: 177	Loss: 1.9660072326660156	Top1 accuracy: 55.6640625
DEBUG:root:Epoch: 178	Loss: 2.222896099090576	Top1 accuracy: 60.3515625
DEBUG:root:Epoch: 179	Loss: 1.9638657569885254	Top1 accuracy: 60.546875
DEBUG:root:Epoch: 180	Loss: 2.1636998653411865	Top1 accuracy: 59.765625
DEBUG:root:Epoch: 181	Loss: 1.9657173156738281	Top1 accuracy: 59.9609375
DEBUG:root:Epoch: 182	Loss: 1.8795831203460693	Top1 accuracy: 63.671875
DEBUG:root:Epoch: 183	Loss: 1.8052834272384644	Top1 accuracy: 57.2265625
DEBUG:root:Epoch: 184	Loss: 1.9127790927886963	Top1 accuracy: 62.109375
DEBUG:root:Epoch: 185	Loss: 1.961459994316101	Top1 accuracy: 55.6640625
DEBUG:root:Epoch: 186	Loss: 1.8061459064483643	Top1 accuracy: 60.7421875
DEBUG:root:Epoch: 187	Loss: 1.8298752307891846	Top1 accuracy: 59.765625
DEBUG:root:Epoch: 188	Loss: 2.0371336936950684	Top1 accuracy: 63.4765625
DEBUG:root:Epoch: 189	Loss: 1.8863093852996826	Top1 accuracy: 59.1796875
DEBUG:root:Epoch: 190	Loss: 1.9814581871032715	Top1 accuracy: 58.203125
DEBUG:root:Epoch: 191	Loss: 2.01843523979187	Top1 accuracy: 58.0078125
DEBUG:root:Epoch: 192	Loss: 1.9316918849945068	Top1 accuracy: 60.546875
DEBUG:root:Epoch: 193	Loss: 1.9349722862243652	Top1 accuracy: 66.2109375
DEBUG:root:Epoch: 194	Loss: 1.9487277269363403	Top1 accuracy: 61.9140625
DEBUG:root:Epoch: 195	Loss: 1.9208378791809082	Top1 accuracy: 59.9609375
DEBUG:root:Epoch: 196	Loss: 2.039036273956299	Top1 accuracy: 57.421875
DEBUG:root:Epoch: 197	Loss: 2.1561520099639893	Top1 accuracy: 60.9375
DEBUG:root:Epoch: 198	Loss: 1.9375554323196411	Top1 accuracy: 58.3984375
DEBUG:root:Epoch: 199	Loss: 2.0890588760375977	Top1 accuracy: 62.3046875
INFO:root:Training has finished.
INFO:root:Model checkpoint and metadata has been saved at runs\Nov10_11-28-39_Eri.
