INFO:root:Start SimCLR training for 200 epochs.
INFO:root:Training with gpu: False.
DEBUG:root:Epoch: 0	Loss: 5.8966217041015625	Top1 accuracy: 0.78125
DEBUG:root:Epoch: 1	Loss: 5.318336486816406	Top1 accuracy: 1.953125
DEBUG:root:Epoch: 2	Loss: 5.097984313964844	Top1 accuracy: 1.5625
DEBUG:root:Epoch: 3	Loss: 4.969573974609375	Top1 accuracy: 2.34375
DEBUG:root:Epoch: 4	Loss: 4.70550537109375	Top1 accuracy: 5.078125
DEBUG:root:Epoch: 5	Loss: 4.63140869140625	Top1 accuracy: 9.375
DEBUG:root:Epoch: 6	Loss: 4.579376220703125	Top1 accuracy: 9.765625
DEBUG:root:Epoch: 7	Loss: 4.3282470703125	Top1 accuracy: 15.625
DEBUG:root:Epoch: 8	Loss: 3.8904075622558594	Top1 accuracy: 12.890625
DEBUG:root:Epoch: 9	Loss: 4.344076156616211	Top1 accuracy: 22.265625
DEBUG:root:Epoch: 10	Loss: 4.147249221801758	Top1 accuracy: 27.34375
DEBUG:root:Epoch: 11	Loss: 3.8564910888671875	Top1 accuracy: 17.96875
DEBUG:root:Epoch: 12	Loss: 3.8645992279052734	Top1 accuracy: 26.5625
DEBUG:root:Epoch: 13	Loss: 3.4126949310302734	Top1 accuracy: 24.21875
DEBUG:root:Epoch: 14	Loss: 3.797849655151367	Top1 accuracy: 27.34375
DEBUG:root:Epoch: 15	Loss: 3.971236228942871	Top1 accuracy: 22.65625
DEBUG:root:Epoch: 16	Loss: 3.5052084922790527	Top1 accuracy: 31.25
DEBUG:root:Epoch: 17	Loss: 3.732182025909424	Top1 accuracy: 27.34375
DEBUG:root:Epoch: 18	Loss: 3.5089776515960693	Top1 accuracy: 38.671875
DEBUG:root:Epoch: 19	Loss: 3.626495838165283	Top1 accuracy: 37.109375
DEBUG:root:Epoch: 20	Loss: 3.667490243911743	Top1 accuracy: 34.765625
DEBUG:root:Epoch: 21	Loss: 3.261908769607544	Top1 accuracy: 28.90625
DEBUG:root:Epoch: 22	Loss: 3.180140972137451	Top1 accuracy: 33.203125
DEBUG:root:Epoch: 23	Loss: 3.268867254257202	Top1 accuracy: 28.90625
DEBUG:root:Epoch: 24	Loss: 3.3394675254821777	Top1 accuracy: 41.796875
DEBUG:root:Epoch: 25	Loss: 3.076860189437866	Top1 accuracy: 36.328125
DEBUG:root:Epoch: 26	Loss: 2.922567844390869	Top1 accuracy: 31.640625
DEBUG:root:Epoch: 27	Loss: 3.159092426300049	Top1 accuracy: 41.796875
DEBUG:root:Epoch: 28	Loss: 3.0535664558410645	Top1 accuracy: 33.203125
DEBUG:root:Epoch: 29	Loss: 3.001680612564087	Top1 accuracy: 32.421875
DEBUG:root:Epoch: 30	Loss: 2.894502639770508	Top1 accuracy: 40.234375
DEBUG:root:Epoch: 31	Loss: 2.887225866317749	Top1 accuracy: 41.796875
DEBUG:root:Epoch: 32	Loss: 3.064070701599121	Top1 accuracy: 42.96875
DEBUG:root:Epoch: 33	Loss: 3.1060757637023926	Top1 accuracy: 37.890625
DEBUG:root:Epoch: 34	Loss: 3.037952184677124	Top1 accuracy: 40.625
DEBUG:root:Epoch: 35	Loss: 2.7984938621520996	Top1 accuracy: 40.234375
DEBUG:root:Epoch: 36	Loss: 2.790820360183716	Top1 accuracy: 39.453125
DEBUG:root:Epoch: 37	Loss: 2.595134735107422	Top1 accuracy: 41.40625
DEBUG:root:Epoch: 38	Loss: 2.5214133262634277	Top1 accuracy: 45.703125
DEBUG:root:Epoch: 39	Loss: 2.7324678897857666	Top1 accuracy: 45.703125
DEBUG:root:Epoch: 40	Loss: 2.465634822845459	Top1 accuracy: 46.09375
DEBUG:root:Epoch: 41	Loss: 2.534024477005005	Top1 accuracy: 41.015625
DEBUG:root:Epoch: 42	Loss: 2.3790676593780518	Top1 accuracy: 42.96875
DEBUG:root:Epoch: 43	Loss: 2.798151731491089	Top1 accuracy: 42.1875
DEBUG:root:Epoch: 44	Loss: 2.667174816131592	Top1 accuracy: 40.234375
DEBUG:root:Epoch: 45	Loss: 2.4837656021118164	Top1 accuracy: 58.203125
DEBUG:root:Epoch: 46	Loss: 2.7294392585754395	Top1 accuracy: 48.4375
DEBUG:root:Epoch: 47	Loss: 2.565526008605957	Top1 accuracy: 43.75
DEBUG:root:Epoch: 48	Loss: 2.4615163803100586	Top1 accuracy: 42.1875
DEBUG:root:Epoch: 49	Loss: 2.566426992416382	Top1 accuracy: 49.609375
DEBUG:root:Epoch: 50	Loss: 2.7431108951568604	Top1 accuracy: 46.484375
DEBUG:root:Epoch: 51	Loss: 2.493398904800415	Top1 accuracy: 51.953125
DEBUG:root:Epoch: 52	Loss: 2.6834771633148193	Top1 accuracy: 51.5625
DEBUG:root:Epoch: 53	Loss: 2.564250946044922	Top1 accuracy: 53.515625
DEBUG:root:Epoch: 54	Loss: 2.4932937622070312	Top1 accuracy: 51.171875
DEBUG:root:Epoch: 55	Loss: 2.545949935913086	Top1 accuracy: 48.4375
DEBUG:root:Epoch: 56	Loss: 2.2584245204925537	Top1 accuracy: 50.78125
DEBUG:root:Epoch: 57	Loss: 2.514320135116577	Top1 accuracy: 46.484375
DEBUG:root:Epoch: 58	Loss: 2.517324686050415	Top1 accuracy: 47.65625
DEBUG:root:Epoch: 59	Loss: 2.025303602218628	Top1 accuracy: 53.125
DEBUG:root:Epoch: 60	Loss: 2.1317458152770996	Top1 accuracy: 45.703125
DEBUG:root:Epoch: 61	Loss: 2.40620493888855	Top1 accuracy: 44.140625
DEBUG:root:Epoch: 62	Loss: 2.4297893047332764	Top1 accuracy: 53.125
DEBUG:root:Epoch: 63	Loss: 2.2908403873443604	Top1 accuracy: 52.34375
DEBUG:root:Epoch: 64	Loss: 2.0194053649902344	Top1 accuracy: 51.953125
DEBUG:root:Epoch: 65	Loss: 2.266341209411621	Top1 accuracy: 50.390625
DEBUG:root:Epoch: 66	Loss: 2.5737404823303223	Top1 accuracy: 49.21875
DEBUG:root:Epoch: 67	Loss: 2.4635534286499023	Top1 accuracy: 46.484375
DEBUG:root:Epoch: 68	Loss: 2.333087921142578	Top1 accuracy: 53.125
DEBUG:root:Epoch: 69	Loss: 2.4786696434020996	Top1 accuracy: 55.078125
DEBUG:root:Epoch: 70	Loss: 2.426689624786377	Top1 accuracy: 60.546875
DEBUG:root:Epoch: 71	Loss: 2.096036911010742	Top1 accuracy: 50.390625
DEBUG:root:Epoch: 72	Loss: 2.4578042030334473	Top1 accuracy: 48.046875
DEBUG:root:Epoch: 73	Loss: 2.1715190410614014	Top1 accuracy: 53.515625
DEBUG:root:Epoch: 74	Loss: 2.3096561431884766	Top1 accuracy: 58.984375
DEBUG:root:Epoch: 75	Loss: 2.3686344623565674	Top1 accuracy: 54.296875
DEBUG:root:Epoch: 76	Loss: 2.3613719940185547	Top1 accuracy: 53.125
DEBUG:root:Epoch: 77	Loss: 2.239788055419922	Top1 accuracy: 51.5625
DEBUG:root:Epoch: 78	Loss: 2.2399721145629883	Top1 accuracy: 55.078125
DEBUG:root:Epoch: 79	Loss: 2.461397886276245	Top1 accuracy: 57.03125
DEBUG:root:Epoch: 80	Loss: 2.1762614250183105	Top1 accuracy: 47.265625
DEBUG:root:Epoch: 81	Loss: 2.1854751110076904	Top1 accuracy: 54.6875
DEBUG:root:Epoch: 82	Loss: 2.180680513381958	Top1 accuracy: 60.546875
DEBUG:root:Epoch: 83	Loss: 1.8490015268325806	Top1 accuracy: 59.765625
DEBUG:root:Epoch: 84	Loss: 1.8262324333190918	Top1 accuracy: 55.078125
DEBUG:root:Epoch: 85	Loss: 2.2747364044189453	Top1 accuracy: 53.90625
DEBUG:root:Epoch: 86	Loss: 2.2128171920776367	Top1 accuracy: 55.859375
DEBUG:root:Epoch: 87	Loss: 2.0645105838775635	Top1 accuracy: 51.953125
DEBUG:root:Epoch: 88	Loss: 1.743205189704895	Top1 accuracy: 57.03125
DEBUG:root:Epoch: 89	Loss: 2.2364511489868164	Top1 accuracy: 61.328125
DEBUG:root:Epoch: 90	Loss: 2.352820873260498	Top1 accuracy: 63.28125
DEBUG:root:Epoch: 91	Loss: 2.140519142150879	Top1 accuracy: 58.984375
DEBUG:root:Epoch: 92	Loss: 2.1413447856903076	Top1 accuracy: 53.125
DEBUG:root:Epoch: 93	Loss: 2.0964109897613525	Top1 accuracy: 56.640625
DEBUG:root:Epoch: 94	Loss: 2.169290542602539	Top1 accuracy: 51.953125
DEBUG:root:Epoch: 95	Loss: 2.023930549621582	Top1 accuracy: 50.0
DEBUG:root:Epoch: 96	Loss: 2.1803760528564453	Top1 accuracy: 53.515625
DEBUG:root:Epoch: 97	Loss: 2.0434486865997314	Top1 accuracy: 50.78125
DEBUG:root:Epoch: 98	Loss: 1.9659771919250488	Top1 accuracy: 53.125
DEBUG:root:Epoch: 99	Loss: 2.3640213012695312	Top1 accuracy: 63.671875
DEBUG:root:Epoch: 100	Loss: 1.9417731761932373	Top1 accuracy: 60.15625
DEBUG:root:Epoch: 101	Loss: 2.115415334701538	Top1 accuracy: 53.515625
DEBUG:root:Epoch: 102	Loss: 1.6118029356002808	Top1 accuracy: 55.46875
DEBUG:root:Epoch: 103	Loss: 2.1106069087982178	Top1 accuracy: 57.8125
DEBUG:root:Epoch: 104	Loss: 2.0646109580993652	Top1 accuracy: 51.171875
DEBUG:root:Epoch: 105	Loss: 2.119826078414917	Top1 accuracy: 59.765625
DEBUG:root:Epoch: 106	Loss: 2.1591739654541016	Top1 accuracy: 62.890625
DEBUG:root:Epoch: 107	Loss: 1.7190347909927368	Top1 accuracy: 64.453125
DEBUG:root:Epoch: 108	Loss: 2.016484260559082	Top1 accuracy: 65.234375
DEBUG:root:Epoch: 109	Loss: 2.089529037475586	Top1 accuracy: 57.03125
DEBUG:root:Epoch: 110	Loss: 2.0842080116271973	Top1 accuracy: 55.859375
DEBUG:root:Epoch: 111	Loss: 1.9971225261688232	Top1 accuracy: 57.8125
DEBUG:root:Epoch: 112	Loss: 1.9311598539352417	Top1 accuracy: 49.609375
DEBUG:root:Epoch: 113	Loss: 1.6132500171661377	Top1 accuracy: 59.375
DEBUG:root:Epoch: 114	Loss: 2.053203821182251	Top1 accuracy: 59.765625
DEBUG:root:Epoch: 115	Loss: 1.9448916912078857	Top1 accuracy: 56.25
DEBUG:root:Epoch: 116	Loss: 1.8375916481018066	Top1 accuracy: 54.6875
DEBUG:root:Epoch: 117	Loss: 2.3138020038604736	Top1 accuracy: 68.75
DEBUG:root:Epoch: 118	Loss: 2.0224475860595703	Top1 accuracy: 62.890625
DEBUG:root:Epoch: 119	Loss: 1.8965948820114136	Top1 accuracy: 55.078125
DEBUG:root:Epoch: 120	Loss: 2.07930064201355	Top1 accuracy: 60.15625
DEBUG:root:Epoch: 121	Loss: 1.668239951133728	Top1 accuracy: 56.25
DEBUG:root:Epoch: 122	Loss: 2.000084638595581	Top1 accuracy: 64.84375
DEBUG:root:Epoch: 123	Loss: 1.7420086860656738	Top1 accuracy: 63.28125
DEBUG:root:Epoch: 124	Loss: 1.8736644983291626	Top1 accuracy: 63.671875
DEBUG:root:Epoch: 125	Loss: 1.8585329055786133	Top1 accuracy: 54.296875
DEBUG:root:Epoch: 126	Loss: 1.6199123859405518	Top1 accuracy: 55.859375
DEBUG:root:Epoch: 127	Loss: 1.9057328701019287	Top1 accuracy: 60.15625
DEBUG:root:Epoch: 128	Loss: 1.8704952001571655	Top1 accuracy: 59.765625
DEBUG:root:Epoch: 129	Loss: 2.1684303283691406	Top1 accuracy: 57.421875
DEBUG:root:Epoch: 130	Loss: 1.7154982089996338	Top1 accuracy: 66.40625
DEBUG:root:Epoch: 131	Loss: 1.5266934633255005	Top1 accuracy: 61.71875
DEBUG:root:Epoch: 132	Loss: 2.2374701499938965	Top1 accuracy: 62.890625
DEBUG:root:Epoch: 133	Loss: 2.0409810543060303	Top1 accuracy: 59.375
DEBUG:root:Epoch: 134	Loss: 1.6558482646942139	Top1 accuracy: 59.375
DEBUG:root:Epoch: 135	Loss: 1.5298532247543335	Top1 accuracy: 63.671875
DEBUG:root:Epoch: 136	Loss: 1.7615879774093628	Top1 accuracy: 63.671875
DEBUG:root:Epoch: 137	Loss: 2.018033981323242	Top1 accuracy: 55.46875
DEBUG:root:Epoch: 138	Loss: 1.9968987703323364	Top1 accuracy: 63.671875
DEBUG:root:Epoch: 139	Loss: 1.6378065347671509	Top1 accuracy: 60.546875
DEBUG:root:Epoch: 140	Loss: 1.884639024734497	Top1 accuracy: 57.421875
DEBUG:root:Epoch: 141	Loss: 1.4801890850067139	Top1 accuracy: 63.671875
DEBUG:root:Epoch: 142	Loss: 1.8622682094573975	Top1 accuracy: 59.375
DEBUG:root:Epoch: 143	Loss: 1.8029652833938599	Top1 accuracy: 62.5
DEBUG:root:Epoch: 144	Loss: 1.6889359951019287	Top1 accuracy: 61.71875
DEBUG:root:Epoch: 145	Loss: 1.9266639947891235	Top1 accuracy: 58.203125
DEBUG:root:Epoch: 146	Loss: 1.6212255954742432	Top1 accuracy: 58.59375
DEBUG:root:Epoch: 147	Loss: 1.792001485824585	Top1 accuracy: 57.421875
DEBUG:root:Epoch: 148	Loss: 1.6122024059295654	Top1 accuracy: 60.546875
DEBUG:root:Epoch: 149	Loss: 2.074120044708252	Top1 accuracy: 55.078125
DEBUG:root:Epoch: 150	Loss: 1.7929025888442993	Top1 accuracy: 62.109375
DEBUG:root:Epoch: 151	Loss: 1.8007400035858154	Top1 accuracy: 66.015625
DEBUG:root:Epoch: 152	Loss: 1.799533724784851	Top1 accuracy: 67.1875
DEBUG:root:Epoch: 153	Loss: 2.02500057220459	Top1 accuracy: 48.046875
DEBUG:root:Epoch: 154	Loss: 2.1583478450775146	Top1 accuracy: 57.421875
DEBUG:root:Epoch: 155	Loss: 1.6652597188949585	Top1 accuracy: 51.171875
DEBUG:root:Epoch: 156	Loss: 1.47461998462677	Top1 accuracy: 53.90625
DEBUG:root:Epoch: 157	Loss: 1.8554414510726929	Top1 accuracy: 58.203125
DEBUG:root:Epoch: 158	Loss: 2.091120481491089	Top1 accuracy: 58.203125
DEBUG:root:Epoch: 159	Loss: 1.8655824661254883	Top1 accuracy: 64.84375
DEBUG:root:Epoch: 160	Loss: 1.6506556272506714	Top1 accuracy: 63.28125
DEBUG:root:Epoch: 161	Loss: 1.6244384050369263	Top1 accuracy: 58.59375
DEBUG:root:Epoch: 162	Loss: 1.4498323202133179	Top1 accuracy: 60.546875
DEBUG:root:Epoch: 163	Loss: 1.8267858028411865	Top1 accuracy: 63.28125
DEBUG:root:Epoch: 164	Loss: 1.7535388469696045	Top1 accuracy: 63.28125
DEBUG:root:Epoch: 165	Loss: 1.9241968393325806	Top1 accuracy: 64.84375
DEBUG:root:Epoch: 166	Loss: 1.8006798028945923	Top1 accuracy: 63.671875
DEBUG:root:Epoch: 167	Loss: 1.4314526319503784	Top1 accuracy: 64.84375
DEBUG:root:Epoch: 168	Loss: 1.936755895614624	Top1 accuracy: 64.0625
DEBUG:root:Epoch: 169	Loss: 1.9585057497024536	Top1 accuracy: 67.1875
DEBUG:root:Epoch: 170	Loss: 1.8315211534500122	Top1 accuracy: 64.84375
DEBUG:root:Epoch: 171	Loss: 1.7801365852355957	Top1 accuracy: 67.1875
DEBUG:root:Epoch: 172	Loss: 2.23480486869812	Top1 accuracy: 62.109375
DEBUG:root:Epoch: 173	Loss: 1.992018222808838	Top1 accuracy: 66.40625
DEBUG:root:Epoch: 174	Loss: 2.121100425720215	Top1 accuracy: 60.546875
DEBUG:root:Epoch: 175	Loss: 1.9518312215805054	Top1 accuracy: 60.9375
DEBUG:root:Epoch: 176	Loss: 1.388980507850647	Top1 accuracy: 58.59375
DEBUG:root:Epoch: 177	Loss: 1.7873324155807495	Top1 accuracy: 64.0625
DEBUG:root:Epoch: 178	Loss: 1.4932518005371094	Top1 accuracy: 65.625
DEBUG:root:Epoch: 179	Loss: 1.8986917734146118	Top1 accuracy: 64.0625
DEBUG:root:Epoch: 180	Loss: 1.5808075666427612	Top1 accuracy: 67.96875
DEBUG:root:Epoch: 181	Loss: 2.0090792179107666	Top1 accuracy: 56.640625
DEBUG:root:Epoch: 182	Loss: 1.7116694450378418	Top1 accuracy: 63.28125
DEBUG:root:Epoch: 183	Loss: 1.5383440256118774	Top1 accuracy: 62.109375
DEBUG:root:Epoch: 184	Loss: 2.1751883029937744	Top1 accuracy: 62.890625
DEBUG:root:Epoch: 185	Loss: 1.6135554313659668	Top1 accuracy: 67.1875
DEBUG:root:Epoch: 186	Loss: 1.9948354959487915	Top1 accuracy: 59.375
DEBUG:root:Epoch: 187	Loss: 2.194734573364258	Top1 accuracy: 62.5
DEBUG:root:Epoch: 188	Loss: 1.691798448562622	Top1 accuracy: 60.15625
DEBUG:root:Epoch: 189	Loss: 1.5996077060699463	Top1 accuracy: 58.59375
DEBUG:root:Epoch: 190	Loss: 1.7883777618408203	Top1 accuracy: 61.71875
DEBUG:root:Epoch: 191	Loss: 1.51543128490448	Top1 accuracy: 69.921875
DEBUG:root:Epoch: 192	Loss: 1.8455400466918945	Top1 accuracy: 66.015625
DEBUG:root:Epoch: 193	Loss: 1.5198522806167603	Top1 accuracy: 65.234375
DEBUG:root:Epoch: 194	Loss: 1.6497585773468018	Top1 accuracy: 73.046875
DEBUG:root:Epoch: 195	Loss: 1.8851521015167236	Top1 accuracy: 68.359375
DEBUG:root:Epoch: 196	Loss: 1.628406047821045	Top1 accuracy: 56.25
DEBUG:root:Epoch: 197	Loss: 1.7135062217712402	Top1 accuracy: 69.140625
DEBUG:root:Epoch: 198	Loss: 1.5694392919540405	Top1 accuracy: 68.359375
DEBUG:root:Epoch: 199	Loss: 1.6986546516418457	Top1 accuracy: 62.890625
INFO:root:Training has finished.
INFO:root:Model checkpoint and metadata has been saved at runs\Nov09_19-48-02_Eri.
